0 info it worked if it ends with ok
1 verbose cli [ 'C:\\Program Files\\nodejs\\node.exe',
1 verbose cli   'C:\\Program Files\\nodejs\\node_modules\\npm\\bin\\npm-cli.js',
1 verbose cli   'run',
1 verbose cli   'test' ]
2 info using npm@3.10.10
3 info using node@v6.9.5
4 verbose run-script [ 'pretest', 'test', 'posttest' ]
5 info lifecycle online_blood_bank@1.0.0~pretest: online_blood_bank@1.0.0
6 silly lifecycle online_blood_bank@1.0.0~pretest: no script for pretest, continuing
7 info lifecycle online_blood_bank@1.0.0~test: online_blood_bank@1.0.0
8 verbose lifecycle online_blood_bank@1.0.0~test: unsafe-perm in lifecycle true
9 verbose lifecycle online_blood_bank@1.0.0~test: PATH: C:\Program Files\nodejs\node_modules\npm\bin\node-gyp-bin;E:\Projects\Online_blood_bank\node_modules\.bin;C:\ProgramData\Oracle\Java\javapath;C:\Program Files (x86)\Intel\iCLS Client\;C:\Program Files\Intel\iCLS Client\;C:\Windows\system32;C:\Windows;C:\Windows\System32\Wbem;C:\Windows\System32\WindowsPowerShell\v1.0\;C:\Program Files (x86)\NVIDIA Corporation\PhysX\Common;C:\Program Files (x86)\Intel\Intel(R) Management Engine Components\DAL;C:\Program Files\Intel\Intel(R) Management Engine Components\DAL;C:\Program Files (x86)\Intel\Intel(R) Management Engine Components\IPT;C:\Program Files\Intel\Intel(R) Management Engine Components\IPT;C:\Windows\system32\config\systemprofile\.dnx\bin;C:\Program Files\Microsoft DNX\Dnvm\;C:\Program Files\Microsoft SQL Server\130\Tools\Binn\;C:\Program Files\MATLAB\MATLAB Production Server\R2015a\runtime\win64;C:\Program Files\MATLAB\MATLAB Production Server\R2015a\bin;C:\Program Files\MATLAB\MATLAB Production Server\R2015a\polyspace\bin;C:\Program Files (x86)\GtkSharp\2.12\bin;C:\xampp7\php;C:\ProgramData\ComposerSetup\bin;C:\Program Files\Git\cmd;C:\Program Files\MongoDB\Server\3.4\bin;C:\Program Files\nodejs\;C:\Users\acer\AppData\Local\Programs\Python\Python35-32\Scripts\;C:\Users\acer\AppData\Local\Programs\Python\Python35-32\;C:\Users\acer\AppData\Roaming\Composer\vendor\bin;C:\Program Files\Heroku\bin;C:\Users\acer\AppData\Roaming\npm;C:\Program Files\Java\jdk1.8.0_111\bin;C:\Program Files\maven\bin
10 verbose lifecycle online_blood_bank@1.0.0~test: CWD: E:\Projects\Online_blood_bank
11 silly lifecycle online_blood_bank@1.0.0~test: Args: [ '/d /s /c', 'mocha' ]
12 silly lifecycle online_blood_bank@1.0.0~test: Returned: code: 1  signal: null
13 info lifecycle online_blood_bank@1.0.0~test: Failed to exec test script
14 verbose stack Error: online_blood_bank@1.0.0 test: `mocha`
14 verbose stack Exit status 1
14 verbose stack     at EventEmitter.<anonymous> (C:\Program Files\nodejs\node_modules\npm\lib\utils\lifecycle.js:255:16)
14 verbose stack     at emitTwo (events.js:106:13)
14 verbose stack     at EventEmitter.emit (events.js:191:7)
14 verbose stack     at ChildProcess.<anonymous> (C:\Program Files\nodejs\node_modules\npm\lib\utils\spawn.js:40:14)
14 verbose stack     at emitTwo (events.js:106:13)
14 verbose stack     at ChildProcess.emit (events.js:191:7)
14 verbose stack     at maybeClose (internal/child_process.js:877:16)
14 verbose stack     at Process.ChildProcess._handle.onexit (internal/child_process.js:226:5)
15 verbose pkgid online_blood_bank@1.0.0
16 verbose cwd E:\Projects\Online_blood_bank
17 error Windows_NT 10.0.10586
18 error argv "C:\\Program Files\\nodejs\\node.exe" "C:\\Program Files\\nodejs\\node_modules\\npm\\bin\\npm-cli.js" "run" "test"
19 error node v6.9.5
20 error npm  v3.10.10
21 error code ELIFECYCLE
22 error online_blood_bank@1.0.0 test: `mocha`
22 error Exit status 1
23 error Failed at the online_blood_bank@1.0.0 test script 'mocha'.
23 error Make sure you have the latest version of node.js and npm installed.
23 error If you do, this is most likely a problem with the online_blood_bank package,
23 error not with npm itself.
23 error Tell the author that this fails on your system:
23 error     mocha
23 error You can get information on how to open an issue for this project with:
23 error     npm bugs online_blood_bank
23 error Or if that isn't available, you can get their info via:
23 error     npm owner ls online_blood_bank
23 error There is likely additional logging output above.
24 verbose exit [ 1, true ]
